[ 2018-01-24T15:17:00+08:00 ] 127.0.0.1 /admin/demo/mail.html
[ INFO ] 'Message-ID: <f835707642e583087232e490a1a4cfc3@admin.xiao.com>
Date: Wed, 24 Jan 2018 15:17:00 +0800
Subject: =?utf-8?Q?=E6=9D=A5=E8=87=AAtpadmin=E7=9A=84=E6=B5=8B=E8=AF=95?=
 =?utf-8?Q?=E9=82=AE=E4=BB=B6?=
From: tpadmin <642316546@qq.com>
To: 784966200@qq.com
MIME-Version: 1.0
Content-Type: text/html; charset=utf-8
Content-Transfer-Encoding: quoted-printable
'
[ 2018-01-24T15:17:04+08:00 ] 127.0.0.1 /admin/demo/mail.html
[ ERROR ] Error: Failed to authenticate on SMTP server with username "642316546@qq.com" using 1 possible authenticators
邮件头信息：
'Message-ID: <f835707642e583087232e490a1a4cfc3@admin.xiao.com>
Date: Wed, 24 Jan 2018 15:17:00 +0800
Subject: =?utf-8?Q?=E6=9D=A5=E8=87=AAtpadmin=E7=9A=84=E6=B5=8B=E8=AF=95?=
 =?utf-8?Q?=E9=82=AE=E4=BB=B6?=
From: tpadmin <642316546@qq.com>
To: 784966200@qq.com
MIME-Version: 1.0
Content-Type: text/html; charset=utf-8
Content-Transfer-Encoding: quoted-printable
'
[ 2018-01-24T16:24:18+08:00 ] 127.0.0.1 /api
[ INFO ] 'Message-ID: <c1668bad036377d5b232726a6e1a12e6@admin.xiao.com>
Date: Wed, 24 Jan 2018 16:24:17 +0800
Subject: =?utf-8?Q?=E7=A8=8B=E5=BA=8F=E6=8A=A5=E9=94=99?=
From: program exception <map720@163.com>
To: cqingt@163.com
MIME-Version: 1.0
Content-Type: text/plain; charset=utf-8
Content-Transfer-Encoding: quoted-printable
'
[ 2018-01-24T16:24:19+08:00 ] 127.0.0.1 /api
[ ERROR ] Error: Failed to authenticate on SMTP server with username "map720@163.com" using 2 possible authenticators
邮件头信息：
'Message-ID: <c1668bad036377d5b232726a6e1a12e6@admin.xiao.com>
Date: Wed, 24 Jan 2018 16:24:17 +0800
Subject: =?utf-8?Q?=E7=A8=8B=E5=BA=8F=E6=8A=A5=E9=94=99?=
From: program exception <map720@163.com>
To: cqingt@163.com
MIME-Version: 1.0
Content-Type: text/plain; charset=utf-8
Content-Transfer-Encoding: quoted-printable
'
[ 2018-01-24T16:24:19+08:00 ] 127.0.0.1 /api
[ INFO ] 'Message-ID: <c1668bad036377d5b232726a6e1a12e6@admin.xiao.com>
Date: Wed, 24 Jan 2018 16:24:17 +0800
Subject: =?utf-8?Q?=E7=A8=8B=E5=BA=8F=E6=8A=A5=E9=94=99?=
From: program exception <map720@163.com>
To: cqingt@163.com
MIME-Version: 1.0
Content-Type: text/plain; charset=utf-8
Content-Transfer-Encoding: quoted-printable
'
[ 2018-01-24T16:24:20+08:00 ] 127.0.0.1 /api
[ ERROR ] Error: Failed to authenticate on SMTP server with username "map720@163.com" using 2 possible authenticators
邮件头信息：
'Message-ID: <c1668bad036377d5b232726a6e1a12e6@admin.xiao.com>
Date: Wed, 24 Jan 2018 16:24:17 +0800
Subject: =?utf-8?Q?=E7=A8=8B=E5=BA=8F=E6=8A=A5=E9=94=99?=
From: program exception <map720@163.com>
To: cqingt@163.com
MIME-Version: 1.0
Content-Type: text/plain; charset=utf-8
Content-Transfer-Encoding: quoted-printable
'
[ 2018-01-24T16:29:38+08:00 ] 127.0.0.1 /api
[ INFO ] 'Message-ID: <aa48e0e9599bfcc00a61bdd33190f497@admin.xiao.com>
Date: Wed, 24 Jan 2018 16:29:38 +0800
Subject: =?utf-8?Q?=E7=A8=8B=E5=BA=8F=E6=8A=A5=E9=94=99?=
From: program exception <cqingt@163.com>
To: map720@163.com
MIME-Version: 1.0
Content-Type: text/plain; charset=utf-8
Content-Transfer-Encoding: quoted-printable
'
[ 2018-01-24T16:29:41+08:00 ] 127.0.0.1 /api
[ INFO ] 'Message-ID: <23dec3b873822aa317d6a613f0377615@admin.xiao.com>
Date: Wed, 24 Jan 2018 16:29:38 +0800
Subject: =?utf-8?Q?=E7=A8=8B=E5=BA=8F=E6=8A=A5=E9=94=99?=
From: program exception <cqingt@163.com>
To: map720@163.com
MIME-Version: 1.0
Content-Type: text/plain; charset=utf-8
Content-Transfer-Encoding: quoted-printable
'
[ 2018-01-24T17:01:41+08:00 ] 127.0.0.1 /api
[ INFO ] 'Message-ID: <9fb8d965cc1b86fd8a8d695780b5e566@admin.xiao.com>
Date: Wed, 24 Jan 2018 17:01:41 +0800
Subject: =?utf-8?Q?=E7=A8=8B=E5=BA=8F=E6=8A=A5=E9=94=99?=
From: program exception <cqingt@163.com>
To: map720@163.com
MIME-Version: 1.0
Content-Type: text/plain; charset=utf-8
Content-Transfer-Encoding: quoted-printable
'
[ 2018-01-24T17:01:42+08:00 ] 127.0.0.1 /api
[ INFO ] 'Message-ID: <4b9bbbb11193a54b285dbc166fe502a8@admin.xiao.com>
Date: Wed, 24 Jan 2018 17:01:41 +0800
Subject: =?utf-8?Q?=E7=A8=8B=E5=BA=8F=E6=8A=A5=E9=94=99?=
From: program exception <cqingt@163.com>
To: map720@163.com
MIME-Version: 1.0
Content-Type: text/plain; charset=utf-8
Content-Transfer-Encoding: quoted-printable
'
[ 2018-01-24T17:04:45+08:00 ] 127.0.0.1 /api
[ INFO ] 'Message-ID: <5b41ed06c42bd142739d19de782600d0@admin.xiao.com>
Date: Wed, 24 Jan 2018 17:04:45 +0800
Subject: =?utf-8?Q?=E7=A8=8B=E5=BA=8F=E6=8A=A5=E9=94=99?=
From: program exception <cqingt@163.com>
To: map720@163.com
MIME-Version: 1.0
Content-Type: text/plain; charset=utf-8
Content-Transfer-Encoding: quoted-printable
'
[ 2018-01-24T17:37:54+08:00 ] 127.0.0.1 /api
[ INFO ] 'Message-ID: <a5fdba09c3c80832c5d8d24f2c2ae948@admin.xiao.com>
Date: Wed, 24 Jan 2018 17:37:54 +0800
Subject: =?utf-8?Q?=E7=A8=8B=E5=BA=8F=E5=BC=82=E5=B8=B8?=
From: program exception <cqingt@163.com>
To: 784966200@qq.com
MIME-Version: 1.0
Content-Type: text/plain; charset=utf-8
Content-Transfer-Encoding: quoted-printable
'
[ 2018-01-24T17:44:11+08:00 ] 127.0.0.1 /api
[ INFO ] 'Message-ID: <a9975c5b7b6cffebc352cfb93763404d@admin.xiao.com>
Date: Wed, 24 Jan 2018 17:44:11 +0800
Subject: =?utf-8?Q?=E7=A8=8B=E5=BA=8F=E5=BC=82=E5=B8=B8?=
From: program exception <cqingt@163.com>
To: 784966200@qq.com
MIME-Version: 1.0
Content-Type: text/plain; charset=utf-8
Content-Transfer-Encoding: quoted-printable
'
[ 2018-01-24T17:57:28+08:00 ] 127.0.0.1 /api
[ INFO ] 'Message-ID: <a90dde88579e501b9679018cf2819c21@admin.xiao.com>
Date: Wed, 24 Jan 2018 17:57:27 +0800
Subject: =?utf-8?Q?=E7=A8=8B=E5=BA=8F=E5=BC=82=E5=B8=B8?=
From: program exception <cqingt@163.com>
To: 642316546@qq.com
MIME-Version: 1.0
Content-Type: text/plain; charset=utf-8
Content-Transfer-Encoding: quoted-printable
'
